{"/Users/johnliu/Projects/src/github.com/stoic-llama/capstone-auth/src/app.js": {"path":"/Users/johnliu/Projects/src/github.com/stoic-llama/capstone-auth/src/app.js","statementMap":{"0":{"start":{"line":6,"column":12},"end":{"line":6,"column":21}},"1":{"start":{"line":8,"column":0},"end":{"line":8,"column":26}},"2":{"start":{"line":9,"column":0},"end":{"line":9,"column":29}},"3":{"start":{"line":10,"column":0},"end":{"line":10,"column":16}},"4":{"start":{"line":11,"column":0},"end":{"line":11,"column":24}},"5":{"start":{"line":12,"column":0},"end":{"line":12,"column":16}}},"fnMap":{},"branchMap":{},"s":{"0":2,"1":2,"2":2,"3":2,"4":2,"5":2},"f":{},"b":{},"_coverageSchema":"1a1c01bbd47fc00a2c39e90264f33305004495a9","hash":"d271cd97ceec82e5119bef403f791925d6e7ba36"}
,"/Users/johnliu/Projects/src/github.com/stoic-llama/capstone-auth/src/api/openapi.js": {"path":"/Users/johnliu/Projects/src/github.com/stoic-llama/capstone-auth/src/api/openapi.js","statementMap":{"0":{"start":{"line":14,"column":26},"end":{"line":45,"column":1}},"1":{"start":{"line":47,"column":16},"end":{"line":50,"column":1}},"2":{"start":{"line":52,"column":13},"end":{"line":52,"column":34}}},"fnMap":{},"branchMap":{},"s":{"0":2,"1":2,"2":2},"f":{},"b":{},"_coverageSchema":"1a1c01bbd47fc00a2c39e90264f33305004495a9","hash":"3b1797cf6620ff72d9041746132b42046536939a"}
,"/Users/johnliu/Projects/src/github.com/stoic-llama/capstone-auth/src/api/urls.js": {"path":"/Users/johnliu/Projects/src/github.com/stoic-llama/capstone-auth/src/api/urls.js","statementMap":{},"fnMap":{},"branchMap":{},"s":{},"f":{},"b":{},"_coverageSchema":"1a1c01bbd47fc00a2c39e90264f33305004495a9","hash":"24a66e047c16fd683a38a6ff0abc2d9d16ec5fc6"}
,"/Users/johnliu/Projects/src/github.com/stoic-llama/capstone-auth/src/api/middlewares/auth.js": {"path":"/Users/johnliu/Projects/src/github.com/stoic-llama/capstone-auth/src/api/middlewares/auth.js","statementMap":{"0":{"start":{"line":3,"column":37},"end":{"line":22,"column":1}},"1":{"start":{"line":4,"column":21},"end":{"line":4,"column":45}},"2":{"start":{"line":5,"column":2},"end":{"line":19,"column":3}},"3":{"start":{"line":6,"column":14},"end":{"line":6,"column":55}},"4":{"start":{"line":7,"column":4},"end":{"line":18,"column":5}},"5":{"start":{"line":8,"column":6},"end":{"line":16,"column":11}},"6":{"start":{"line":10,"column":10},"end":{"line":10,"column":26}},"7":{"start":{"line":11,"column":10},"end":{"line":11,"column":17}},"8":{"start":{"line":14,"column":10},"end":{"line":14,"column":74}},"9":{"start":{"line":15,"column":10},"end":{"line":15,"column":17}},"10":{"start":{"line":17,"column":6},"end":{"line":17,"column":13}},"11":{"start":{"line":21,"column":2},"end":{"line":21,"column":9}},"12":{"start":{"line":24,"column":27},"end":{"line":31,"column":1}},"13":{"start":{"line":25,"column":2},"end":{"line":28,"column":3}},"14":{"start":{"line":26,"column":4},"end":{"line":26,"column":78}},"15":{"start":{"line":27,"column":4},"end":{"line":27,"column":11}},"16":{"start":{"line":30,"column":2},"end":{"line":30,"column":9}}},"fnMap":{"0":{"name":"(anonymous_0)","decl":{"start":{"line":3,"column":37},"end":{"line":3,"column":38}},"loc":{"start":{"line":3,"column":57},"end":{"line":22,"column":1}},"line":3},"1":{"name":"(anonymous_1)","decl":{"start":{"line":9,"column":14},"end":{"line":9,"column":15}},"loc":{"start":{"line":9,"column":24},"end":{"line":12,"column":9}},"line":9},"2":{"name":"(anonymous_2)","decl":{"start":{"line":13,"column":15},"end":{"line":13,"column":16}},"loc":{"start":{"line":13,"column":21},"end":{"line":16,"column":9}},"line":13},"3":{"name":"(anonymous_3)","decl":{"start":{"line":24,"column":27},"end":{"line":24,"column":28}},"loc":{"start":{"line":24,"column":47},"end":{"line":31,"column":1}},"line":24}},"branchMap":{"0":{"loc":{"start":{"line":5,"column":2},"end":{"line":19,"column":3}},"type":"if","locations":[{"start":{"line":5,"column":2},"end":{"line":19,"column":3}},{"start":{},"end":{}}],"line":5},"1":{"loc":{"start":{"line":7,"column":4},"end":{"line":18,"column":5}},"type":"if","locations":[{"start":{"line":7,"column":4},"end":{"line":18,"column":5}},{"start":{},"end":{}}],"line":7},"2":{"loc":{"start":{"line":25,"column":2},"end":{"line":28,"column":3}},"type":"if","locations":[{"start":{"line":25,"column":2},"end":{"line":28,"column":3}},{"start":{},"end":{}}],"line":25}},"s":{"0":3,"1":11,"2":11,"3":5,"4":5,"5":5,"6":5,"7":5,"8":0,"9":0,"10":5,"11":6,"12":3,"13":2,"14":1,"15":1,"16":1},"f":{"0":11,"1":5,"2":0,"3":2},"b":{"0":[5,6],"1":[5,0],"2":[1,1]},"_coverageSchema":"1a1c01bbd47fc00a2c39e90264f33305004495a9","hash":"543cba0f064d5f80e298515765df593c7feb86f1"}
,"/Users/johnliu/Projects/src/github.com/stoic-llama/capstone-auth/src/api/middlewares/errors.js": {"path":"/Users/johnliu/Projects/src/github.com/stoic-llama/capstone-auth/src/api/middlewares/errors.js","statementMap":{"0":{"start":{"line":4,"column":12},"end":{"line":4,"column":36}},"1":{"start":{"line":5,"column":18},"end":{"line":5,"column":50}},"2":{"start":{"line":11,"column":25},"end":{"line":20,"column":1}},"3":{"start":{"line":12,"column":34},"end":{"line":12,"column":37}},"4":{"start":{"line":13,"column":2},"end":{"line":16,"column":4}},"5":{"start":{"line":17,"column":2},"end":{"line":19,"column":70}},"6":{"start":{"line":26,"column":27},"end":{"line":44,"column":1}},"7":{"start":{"line":27,"column":34},"end":{"line":27,"column":37}},"8":{"start":{"line":29,"column":18},"end":{"line":31,"column":3}},"9":{"start":{"line":32,"column":2},"end":{"line":35,"column":4}},"10":{"start":{"line":37,"column":2},"end":{"line":43,"column":3}},"11":{"start":{"line":38,"column":4},"end":{"line":38,"column":45}},"12":{"start":{"line":40,"column":4},"end":{"line":42,"column":79}}},"fnMap":{"0":{"name":"(anonymous_0)","decl":{"start":{"line":11,"column":25},"end":{"line":11,"column":26}},"loc":{"start":{"line":11,"column":45},"end":{"line":20,"column":1}},"line":11},"1":{"name":"(anonymous_1)","decl":{"start":{"line":26,"column":27},"end":{"line":26,"column":28}},"loc":{"start":{"line":26,"column":54},"end":{"line":44,"column":1}},"line":26}},"branchMap":{"0":{"loc":{"start":{"line":37,"column":2},"end":{"line":43,"column":3}},"type":"if","locations":[{"start":{"line":37,"column":2},"end":{"line":43,"column":3}},{"start":{"line":39,"column":9},"end":{"line":43,"column":3}}],"line":37}},"s":{"0":2,"1":2,"2":2,"3":0,"4":0,"5":0,"6":2,"7":0,"8":0,"9":0,"10":0,"11":0,"12":0},"f":{"0":0,"1":0},"b":{"0":[0,0]},"_coverageSchema":"1a1c01bbd47fc00a2c39e90264f33305004495a9","hash":"8856517d1e8d2bf6c567c18b50c9261102e8488d"}
,"/Users/johnliu/Projects/src/github.com/stoic-llama/capstone-auth/src/api/middlewares/validate.js": {"path":"/Users/johnliu/Projects/src/github.com/stoic-llama/capstone-auth/src/api/middlewares/validate.js","statementMap":{"0":{"start":{"line":4,"column":23},"end":{"line":6,"column":1}},"1":{"start":{"line":8,"column":20},"end":{"line":8,"column":35}},"2":{"start":{"line":9,"column":0},"end":{"line":11,"column":2}},"3":{"start":{"line":10,"column":2},"end":{"line":10,"column":65}},"4":{"start":{"line":13,"column":29},"end":{"line":37,"column":1}},"5":{"start":{"line":14,"column":27},"end":{"line":14,"column":60}},"6":{"start":{"line":16,"column":24},"end":{"line":34,"column":3}},"7":{"start":{"line":17,"column":21},"end":{"line":17,"column":24}},"8":{"start":{"line":18,"column":4},"end":{"line":21,"column":5}},"9":{"start":{"line":19,"column":6},"end":{"line":19,"column":62}},"10":{"start":{"line":20,"column":6},"end":{"line":20,"column":13}},"11":{"start":{"line":23,"column":14},"end":{"line":23,"column":66}},"12":{"start":{"line":24,"column":4},"end":{"line":30,"column":5}},"13":{"start":{"line":25,"column":6},"end":{"line":28,"column":9}},"14":{"start":{"line":27,"column":39},"end":{"line":27,"column":72}},"15":{"start":{"line":29,"column":6},"end":{"line":29,"column":13}},"16":{"start":{"line":32,"column":4},"end":{"line":32,"column":35}},"17":{"start":{"line":33,"column":4},"end":{"line":33,"column":11}},"18":{"start":{"line":36,"column":2},"end":{"line":36,"column":23}},"19":{"start":{"line":39,"column":30},"end":{"line":45,"column":1}},"20":{"start":{"line":40,"column":2},"end":{"line":43,"column":3}},"21":{"start":{"line":41,"column":4},"end":{"line":41,"column":78}},"22":{"start":{"line":42,"column":4},"end":{"line":42,"column":11}},"23":{"start":{"line":44,"column":2},"end":{"line":44,"column":9}}},"fnMap":{"0":{"name":"(anonymous_0)","decl":{"start":{"line":9,"column":42},"end":{"line":9,"column":43}},"loc":{"start":{"line":9,"column":53},"end":{"line":11,"column":1}},"line":9},"1":{"name":"(anonymous_1)","decl":{"start":{"line":13,"column":29},"end":{"line":13,"column":30}},"loc":{"start":{"line":13,"column":55},"end":{"line":37,"column":1}},"line":13},"2":{"name":"(anonymous_2)","decl":{"start":{"line":16,"column":24},"end":{"line":16,"column":25}},"loc":{"start":{"line":16,"column":44},"end":{"line":34,"column":3}},"line":16},"3":{"name":"(anonymous_3)","decl":{"start":{"line":27,"column":30},"end":{"line":27,"column":31}},"loc":{"start":{"line":27,"column":39},"end":{"line":27,"column":72}},"line":27},"4":{"name":"(anonymous_4)","decl":{"start":{"line":39,"column":30},"end":{"line":39,"column":31}},"loc":{"start":{"line":39,"column":50},"end":{"line":45,"column":1}},"line":39}},"branchMap":{"0":{"loc":{"start":{"line":10,"column":9},"end":{"line":10,"column":64}},"type":"binary-expr","locations":[{"start":{"line":10,"column":9},"end":{"line":10,"column":34}},{"start":{"line":10,"column":38},"end":{"line":10,"column":64}}],"line":10},"1":{"loc":{"start":{"line":13,"column":38},"end":{"line":13,"column":50}},"type":"default-arg","locations":[{"start":{"line":13,"column":48},"end":{"line":13,"column":50}}],"line":13},"2":{"loc":{"start":{"line":18,"column":4},"end":{"line":21,"column":5}},"type":"if","locations":[{"start":{"line":18,"column":4},"end":{"line":21,"column":5}},{"start":{},"end":{}}],"line":18},"3":{"loc":{"start":{"line":24,"column":4},"end":{"line":30,"column":5}},"type":"if","locations":[{"start":{"line":24,"column":4},"end":{"line":30,"column":5}},{"start":{},"end":{}}],"line":24},"4":{"loc":{"start":{"line":40,"column":2},"end":{"line":43,"column":3}},"type":"if","locations":[{"start":{"line":40,"column":2},"end":{"line":43,"column":3}},{"start":{},"end":{}}],"line":40}},"s":{"0":3,"1":3,"2":3,"3":0,"4":3,"5":11,"6":11,"7":8,"8":8,"9":0,"10":0,"11":8,"12":8,"13":3,"14":4,"15":3,"16":5,"17":5,"18":11,"19":3,"20":0,"21":0,"22":0,"23":0},"f":{"0":0,"1":11,"2":8,"3":4,"4":0},"b":{"0":[0,0],"1":[11],"2":[0,8],"3":[3,5],"4":[0,0]},"_coverageSchema":"1a1c01bbd47fc00a2c39e90264f33305004495a9","hash":"a6ab6e749eea5dd300597698923e7fabe0fcddf1"}
,"/Users/johnliu/Projects/src/github.com/stoic-llama/capstone-auth/src/api/routes/auth.js": {"path":"/Users/johnliu/Projects/src/github.com/stoic-llama/capstone-auth/src/api/routes/auth.js","statementMap":{"0":{"start":{"line":13,"column":15},"end":{"line":13,"column":23}},"1":{"start":{"line":41,"column":0},"end":{"line":51,"column":3}},"2":{"start":{"line":42,"column":30},"end":{"line":42,"column":47}},"3":{"start":{"line":44,"column":15},"end":{"line":44,"column":74}},"4":{"start":{"line":46,"column":2},"end":{"line":50,"column":3}},"5":{"start":{"line":47,"column":4},"end":{"line":47,"column":23}},"6":{"start":{"line":49,"column":4},"end":{"line":49,"column":61}},"7":{"start":{"line":53,"column":0},"end":{"line":55,"column":3}},"8":{"start":{"line":54,"column":2},"end":{"line":54,"column":61}},"9":{"start":{"line":79,"column":0},"end":{"line":99,"column":2}},"10":{"start":{"line":83,"column":4},"end":{"line":86,"column":5}},"11":{"start":{"line":84,"column":6},"end":{"line":84,"column":42}},"12":{"start":{"line":85,"column":6},"end":{"line":85,"column":13}},"13":{"start":{"line":88,"column":4},"end":{"line":97,"column":5}},"14":{"start":{"line":89,"column":19},"end":{"line":89,"column":66}},"15":{"start":{"line":90,"column":6},"end":{"line":90,"column":37}},"16":{"start":{"line":92,"column":6},"end":{"line":96,"column":7}},"17":{"start":{"line":93,"column":8},"end":{"line":93,"column":40}},"18":{"start":{"line":95,"column":8},"end":{"line":95,"column":20}},"19":{"start":{"line":114,"column":0},"end":{"line":135,"column":3}},"20":{"start":{"line":115,"column":21},"end":{"line":115,"column":45}},"21":{"start":{"line":117,"column":2},"end":{"line":117,"column":42}},"22":{"start":{"line":119,"column":2},"end":{"line":134,"column":3}},"23":{"start":{"line":120,"column":14},"end":{"line":120,"column":55}},"24":{"start":{"line":121,"column":4},"end":{"line":131,"column":5}},"25":{"start":{"line":122,"column":6},"end":{"line":130,"column":9}},"26":{"start":{"line":124,"column":10},"end":{"line":124,"column":50}},"27":{"start":{"line":125,"column":10},"end":{"line":125,"column":88}},"28":{"start":{"line":127,"column":10},"end":{"line":127,"column":65}},"29":{"start":{"line":129,"column":8},"end":{"line":129,"column":72}},"30":{"start":{"line":133,"column":4},"end":{"line":133,"column":97}},"31":{"start":{"line":137,"column":0},"end":{"line":139,"column":3}},"32":{"start":{"line":138,"column":2},"end":{"line":138,"column":62}},"33":{"start":{"line":142,"column":0},"end":{"line":151,"column":2}},"34":{"start":{"line":146,"column":25},"end":{"line":146,"column":42}},"35":{"start":{"line":148,"column":4},"end":{"line":148,"column":65}},"36":{"start":{"line":149,"column":4},"end":{"line":149,"column":27}}},"fnMap":{"0":{"name":"(anonymous_0)","decl":{"start":{"line":41,"column":57},"end":{"line":41,"column":58}},"loc":{"start":{"line":41,"column":77},"end":{"line":51,"column":1}},"line":41},"1":{"name":"(anonymous_1)","decl":{"start":{"line":53,"column":28},"end":{"line":53,"column":29}},"loc":{"start":{"line":53,"column":42},"end":{"line":55,"column":1}},"line":53},"2":{"name":"(anonymous_2)","decl":{"start":{"line":82,"column":2},"end":{"line":82,"column":3}},"loc":{"start":{"line":82,"column":28},"end":{"line":98,"column":3}},"line":82},"3":{"name":"(anonymous_3)","decl":{"start":{"line":114,"column":30},"end":{"line":114,"column":31}},"loc":{"start":{"line":114,"column":50},"end":{"line":135,"column":1}},"line":114},"4":{"name":"(anonymous_4)","decl":{"start":{"line":123,"column":15},"end":{"line":123,"column":16}},"loc":{"start":{"line":123,"column":31},"end":{"line":128,"column":7}},"line":123},"5":{"name":"(anonymous_5)","decl":{"start":{"line":128,"column":15},"end":{"line":128,"column":16}},"loc":{"start":{"line":128,"column":21},"end":{"line":130,"column":7}},"line":128},"6":{"name":"(anonymous_6)","decl":{"start":{"line":137,"column":29},"end":{"line":137,"column":30}},"loc":{"start":{"line":137,"column":43},"end":{"line":139,"column":1}},"line":137},"7":{"name":"(anonymous_7)","decl":{"start":{"line":145,"column":2},"end":{"line":145,"column":3}},"loc":{"start":{"line":145,"column":22},"end":{"line":150,"column":3}},"line":145}},"branchMap":{"0":{"loc":{"start":{"line":46,"column":2},"end":{"line":50,"column":3}},"type":"if","locations":[{"start":{"line":46,"column":2},"end":{"line":50,"column":3}},{"start":{"line":48,"column":9},"end":{"line":50,"column":3}}],"line":46},"1":{"loc":{"start":{"line":83,"column":4},"end":{"line":86,"column":5}},"type":"if","locations":[{"start":{"line":83,"column":4},"end":{"line":86,"column":5}},{"start":{},"end":{}}],"line":83},"2":{"loc":{"start":{"line":92,"column":6},"end":{"line":96,"column":7}},"type":"if","locations":[{"start":{"line":92,"column":6},"end":{"line":96,"column":7}},{"start":{"line":94,"column":13},"end":{"line":96,"column":7}}],"line":92},"3":{"loc":{"start":{"line":119,"column":2},"end":{"line":134,"column":3}},"type":"if","locations":[{"start":{"line":119,"column":2},"end":{"line":134,"column":3}},{"start":{"line":132,"column":9},"end":{"line":134,"column":3}}],"line":119},"4":{"loc":{"start":{"line":121,"column":4},"end":{"line":131,"column":5}},"type":"if","locations":[{"start":{"line":121,"column":4},"end":{"line":131,"column":5}},{"start":{},"end":{}}],"line":121}},"s":{"0":2,"1":2,"2":2,"3":2,"4":2,"5":1,"6":1,"7":2,"8":1,"9":2,"10":1,"11":0,"12":0,"13":1,"14":1,"15":1,"16":0,"17":0,"18":0,"19":2,"20":2,"21":2,"22":2,"23":1,"24":1,"25":1,"26":1,"27":1,"28":1,"29":0,"30":1,"31":2,"32":1,"33":2,"34":1,"35":1,"36":1},"f":{"0":2,"1":1,"2":1,"3":2,"4":1,"5":0,"6":1,"7":1},"b":{"0":[1,1],"1":[0,1],"2":[0,0],"3":[1,1],"4":[1,0]},"_coverageSchema":"1a1c01bbd47fc00a2c39e90264f33305004495a9","hash":"f84fa83ab4d23879c177f7f44488602ef6b8b056"}
,"/Users/johnliu/Projects/src/github.com/stoic-llama/capstone-auth/src/api/routes/healthcheck.js": {"path":"/Users/johnliu/Projects/src/github.com/stoic-llama/capstone-auth/src/api/routes/healthcheck.js","statementMap":{"0":{"start":{"line":3,"column":15},"end":{"line":3,"column":23}},"1":{"start":{"line":23,"column":0},"end":{"line":39,"column":3}},"2":{"start":{"line":24,"column":4},"end":{"line":38,"column":5}},"3":{"start":{"line":25,"column":8},"end":{"line":30,"column":11}},"4":{"start":{"line":32,"column":8},"end":{"line":37,"column":11}},"5":{"start":{"line":42,"column":17},"end":{"line":42,"column":19}},"6":{"start":{"line":43,"column":12},"end":{"line":43,"column":32}},"7":{"start":{"line":47,"column":4},"end":{"line":57,"column":54}},"8":{"start":{"line":61,"column":4},"end":{"line":61,"column":18}}},"fnMap":{"0":{"name":"(anonymous_0)","decl":{"start":{"line":23,"column":16},"end":{"line":23,"column":17}},"loc":{"start":{"line":23,"column":36},"end":{"line":39,"column":1}},"line":23},"1":{"name":"formattedDateNow","decl":{"start":{"line":41,"column":9},"end":{"line":41,"column":25}},"loc":{"start":{"line":41,"column":28},"end":{"line":62,"column":2}},"line":41}},"branchMap":{},"s":{"0":2,"1":2,"2":1,"3":1,"4":0,"5":1,"6":1,"7":1,"8":1},"f":{"0":1,"1":1},"b":{},"_coverageSchema":"1a1c01bbd47fc00a2c39e90264f33305004495a9","hash":"c7d5a38f30970dcaf478f7706d983f83716df7ae"}
,"/Users/johnliu/Projects/src/github.com/stoic-llama/capstone-auth/src/api/routes/index.js": {"path":"/Users/johnliu/Projects/src/github.com/stoic-llama/capstone-auth/src/api/routes/index.js","statementMap":{"0":{"start":{"line":12,"column":15},"end":{"line":12,"column":23}},"1":{"start":{"line":15,"column":24},"end":{"line":15,"column":67}},"2":{"start":{"line":16,"column":25},"end":{"line":20,"column":1}},"3":{"start":{"line":21,"column":0},"end":{"line":21,"column":58}},"4":{"start":{"line":21,"column":42},"end":{"line":21,"column":56}},"5":{"start":{"line":22,"column":0},"end":{"line":26,"column":2}},"6":{"start":{"line":29,"column":0},"end":{"line":29,"column":70}},"7":{"start":{"line":32,"column":0},"end":{"line":32,"column":56}},"8":{"start":{"line":35,"column":0},"end":{"line":35,"column":34}},"9":{"start":{"line":36,"column":0},"end":{"line":36,"column":56}},"10":{"start":{"line":39,"column":0},"end":{"line":45,"column":3}},"11":{"start":{"line":40,"column":2},"end":{"line":44,"column":3}},"12":{"start":{"line":41,"column":4},"end":{"line":41,"column":36}},"13":{"start":{"line":43,"column":4},"end":{"line":43,"column":11}},"14":{"start":{"line":48,"column":0},"end":{"line":48,"column":22}},"15":{"start":{"line":49,"column":0},"end":{"line":49,"column":24}}},"fnMap":{"0":{"name":"(anonymous_0)","decl":{"start":{"line":21,"column":28},"end":{"line":21,"column":29}},"loc":{"start":{"line":21,"column":42},"end":{"line":21,"column":56}},"line":21},"1":{"name":"(anonymous_1)","decl":{"start":{"line":39,"column":16},"end":{"line":39,"column":17}},"loc":{"start":{"line":39,"column":36},"end":{"line":45,"column":1}},"line":39}},"branchMap":{"0":{"loc":{"start":{"line":40,"column":2},"end":{"line":44,"column":3}},"type":"if","locations":[{"start":{"line":40,"column":2},"end":{"line":44,"column":3}},{"start":{"line":42,"column":9},"end":{"line":44,"column":3}}],"line":40}},"s":{"0":2,"1":2,"2":2,"3":2,"4":0,"5":2,"6":2,"7":2,"8":2,"9":2,"10":2,"11":0,"12":0,"13":0,"14":2,"15":2},"f":{"0":0,"1":0},"b":{"0":[0,0]},"_coverageSchema":"1a1c01bbd47fc00a2c39e90264f33305004495a9","hash":"8f6e89c4a41bfc58a682ec9dbee63c4c9621640a"}
,"/Users/johnliu/Projects/src/github.com/stoic-llama/capstone-auth/src/api/routes/user.js": {"path":"/Users/johnliu/Projects/src/github.com/stoic-llama/capstone-auth/src/api/routes/user.js","statementMap":{"0":{"start":{"line":8,"column":15},"end":{"line":8,"column":23}},"1":{"start":{"line":34,"column":0},"end":{"line":44,"column":3}},"2":{"start":{"line":36,"column":20},"end":{"line":36,"column":37}},"3":{"start":{"line":38,"column":15},"end":{"line":38,"column":50}},"4":{"start":{"line":40,"column":2},"end":{"line":40,"column":33}},"5":{"start":{"line":46,"column":0},"end":{"line":48,"column":3}},"6":{"start":{"line":47,"column":2},"end":{"line":47,"column":70}},"7":{"start":{"line":75,"column":0},"end":{"line":99,"column":3}},"8":{"start":{"line":76,"column":21},"end":{"line":76,"column":45}},"9":{"start":{"line":77,"column":2},"end":{"line":77,"column":42}},"10":{"start":{"line":79,"column":2},"end":{"line":98,"column":3}},"11":{"start":{"line":80,"column":14},"end":{"line":80,"column":55}},"12":{"start":{"line":81,"column":4},"end":{"line":97,"column":5}},"13":{"start":{"line":82,"column":6},"end":{"line":93,"column":10}},"14":{"start":{"line":84,"column":10},"end":{"line":84,"column":51}},"15":{"start":{"line":85,"column":10},"end":{"line":85,"column":50}},"16":{"start":{"line":86,"column":10},"end":{"line":86,"column":50}},"17":{"start":{"line":88,"column":10},"end":{"line":88,"column":45}},"18":{"start":{"line":89,"column":10},"end":{"line":89,"column":43}},"19":{"start":{"line":90,"column":10},"end":{"line":90,"column":59}},"20":{"start":{"line":91,"column":10},"end":{"line":91,"column":22}},"21":{"start":{"line":92,"column":10},"end":{"line":92,"column":37}},"22":{"start":{"line":96,"column":6},"end":{"line":96,"column":56}},"23":{"start":{"line":101,"column":0},"end":{"line":103,"column":3}},"24":{"start":{"line":102,"column":2},"end":{"line":102,"column":75}}},"fnMap":{"0":{"name":"(anonymous_0)","decl":{"start":{"line":34,"column":63},"end":{"line":34,"column":64}},"loc":{"start":{"line":34,"column":83},"end":{"line":44,"column":1}},"line":34},"1":{"name":"(anonymous_1)","decl":{"start":{"line":46,"column":29},"end":{"line":46,"column":30}},"loc":{"start":{"line":46,"column":43},"end":{"line":48,"column":1}},"line":46},"2":{"name":"(anonymous_2)","decl":{"start":{"line":75,"column":28},"end":{"line":75,"column":29}},"loc":{"start":{"line":75,"column":48},"end":{"line":99,"column":1}},"line":75},"3":{"name":"(anonymous_3)","decl":{"start":{"line":83,"column":14},"end":{"line":83,"column":15}},"loc":{"start":{"line":83,"column":24},"end":{"line":93,"column":9}},"line":83},"4":{"name":"(anonymous_4)","decl":{"start":{"line":101,"column":27},"end":{"line":101,"column":28}},"loc":{"start":{"line":101,"column":41},"end":{"line":103,"column":1}},"line":101}},"branchMap":{"0":{"loc":{"start":{"line":79,"column":2},"end":{"line":98,"column":3}},"type":"if","locations":[{"start":{"line":79,"column":2},"end":{"line":98,"column":3}},{"start":{},"end":{}}],"line":79},"1":{"loc":{"start":{"line":81,"column":4},"end":{"line":97,"column":5}},"type":"if","locations":[{"start":{"line":81,"column":4},"end":{"line":97,"column":5}},{"start":{"line":95,"column":9},"end":{"line":97,"column":5}}],"line":81}},"s":{"0":2,"1":2,"2":0,"3":0,"4":0,"5":2,"6":0,"7":2,"8":0,"9":0,"10":0,"11":0,"12":0,"13":0,"14":0,"15":0,"16":0,"17":0,"18":0,"19":0,"20":0,"21":0,"22":0,"23":2,"24":0},"f":{"0":0,"1":0,"2":0,"3":0,"4":0},"b":{"0":[0,0],"1":[0,0]},"_coverageSchema":"1a1c01bbd47fc00a2c39e90264f33305004495a9","hash":"07a7c2ae9a41487ae2d7f7ca10abc6dc30e1eeaa"}
,"/Users/johnliu/Projects/src/github.com/stoic-llama/capstone-auth/src/api/schemas/auth.js": {"path":"/Users/johnliu/Projects/src/github.com/stoic-llama/capstone-auth/src/api/schemas/auth.js","statementMap":{"0":{"start":{"line":3,"column":27},"end":{"line":10,"column":1}},"1":{"start":{"line":12,"column":30},"end":{"line":21,"column":1}},"2":{"start":{"line":23,"column":36},"end":{"line":29,"column":1}},"3":{"start":{"line":31,"column":26},"end":{"line":42,"column":1}}},"fnMap":{},"branchMap":{},"s":{"0":2,"1":2,"2":2,"3":2},"f":{},"b":{},"_coverageSchema":"1a1c01bbd47fc00a2c39e90264f33305004495a9","hash":"d0adc718010e9630eba4784c73d13ff997d4514e"}
,"/Users/johnliu/Projects/src/github.com/stoic-llama/capstone-auth/src/api/schemas/user.js": {"path":"/Users/johnliu/Projects/src/github.com/stoic-llama/capstone-auth/src/api/schemas/user.js","statementMap":{"0":{"start":{"line":3,"column":32},"end":{"line":9,"column":1}},"1":{"start":{"line":11,"column":35},"end":{"line":18,"column":1}}},"fnMap":{},"branchMap":{},"s":{"0":2,"1":2},"f":{},"b":{},"_coverageSchema":"1a1c01bbd47fc00a2c39e90264f33305004495a9","hash":"6ae0c3e0a7dda7429651ec54d98b989694188a2a"}
,"/Users/johnliu/Projects/src/github.com/stoic-llama/capstone-auth/src/models/error.js": {"path":"/Users/johnliu/Projects/src/github.com/stoic-llama/capstone-auth/src/models/error.js","statementMap":{"0":{"start":{"line":5,"column":4},"end":{"line":5,"column":29}},"1":{"start":{"line":6,"column":4},"end":{"line":6,"column":35}},"2":{"start":{"line":7,"column":4},"end":{"line":7,"column":40}},"3":{"start":{"line":11,"column":4},"end":{"line":11,"column":43}},"4":{"start":{"line":15,"column":39},"end":{"line":32,"column":1}},"5":{"start":{"line":20,"column":2},"end":{"line":31,"column":3}},"6":{"start":{"line":21,"column":16},"end":{"line":21,"column":56}},"7":{"start":{"line":22,"column":4},"end":{"line":27,"column":5}},"8":{"start":{"line":23,"column":6},"end":{"line":26,"column":8}},"9":{"start":{"line":28,"column":4},"end":{"line":28,"column":14}},"10":{"start":{"line":30,"column":4},"end":{"line":30,"column":16}}},"fnMap":{"0":{"name":"(anonymous_0)","decl":{"start":{"line":4,"column":2},"end":{"line":4,"column":3}},"loc":{"start":{"line":4,"column":29},"end":{"line":8,"column":3}},"line":4},"1":{"name":"(anonymous_1)","decl":{"start":{"line":10,"column":2},"end":{"line":10,"column":3}},"loc":{"start":{"line":10,"column":18},"end":{"line":12,"column":3}},"line":10},"2":{"name":"handleDuplicateKeyError","decl":{"start":{"line":15,"column":48},"end":{"line":15,"column":71}},"loc":{"start":{"line":19,"column":2},"end":{"line":32,"column":1}},"line":19}},"branchMap":{"0":{"loc":{"start":{"line":20,"column":2},"end":{"line":31,"column":3}},"type":"if","locations":[{"start":{"line":20,"column":2},"end":{"line":31,"column":3}},{"start":{"line":29,"column":9},"end":{"line":31,"column":3}}],"line":20},"1":{"loc":{"start":{"line":20,"column":6},"end":{"line":20,"column":57}},"type":"binary-expr","locations":[{"start":{"line":20,"column":6},"end":{"line":20,"column":33}},{"start":{"line":20,"column":37},"end":{"line":20,"column":57}}],"line":20}},"s":{"0":0,"1":0,"2":0,"3":0,"4":4,"5":0,"6":0,"7":0,"8":0,"9":0,"10":0},"f":{"0":0,"1":0,"2":0},"b":{"0":[0,0],"1":[0,0]},"_coverageSchema":"1a1c01bbd47fc00a2c39e90264f33305004495a9","hash":"15e8e7dfec3b2789ac977b716aece0615a90ef3b"}
,"/Users/johnliu/Projects/src/github.com/stoic-llama/capstone-auth/src/models/user.js": {"path":"/Users/johnliu/Projects/src/github.com/stoic-llama/capstone-auth/src/models/user.js","statementMap":{"0":{"start":{"line":12,"column":28},"end":{"line":13,"column":58}},"1":{"start":{"line":13,"column":2},"end":{"line":13,"column":58}},"2":{"start":{"line":15,"column":15},"end":{"line":62,"column":1}},"3":{"start":{"line":64,"column":0},"end":{"line":72,"column":3}},"4":{"start":{"line":67,"column":4},"end":{"line":67,"column":19}},"5":{"start":{"line":68,"column":4},"end":{"line":68,"column":24}},"6":{"start":{"line":69,"column":4},"end":{"line":69,"column":15}},"7":{"start":{"line":74,"column":0},"end":{"line":87,"column":4}},"8":{"start":{"line":76,"column":17},"end":{"line":76,"column":53}},"9":{"start":{"line":77,"column":4},"end":{"line":77,"column":27}},"10":{"start":{"line":77,"column":15},"end":{"line":77,"column":27}},"11":{"start":{"line":79,"column":26},"end":{"line":79,"column":73}},"12":{"start":{"line":81,"column":4},"end":{"line":81,"column":36}},"13":{"start":{"line":81,"column":24},"end":{"line":81,"column":36}},"14":{"start":{"line":83,"column":4},"end":{"line":83,"column":34}},"15":{"start":{"line":84,"column":24},"end":{"line":84,"column":41}},"16":{"start":{"line":86,"column":4},"end":{"line":86,"column":23}},"17":{"start":{"line":89,"column":0},"end":{"line":95,"column":2}},"18":{"start":{"line":90,"column":2},"end":{"line":90,"column":55}},"19":{"start":{"line":91,"column":2},"end":{"line":93,"column":3}},"20":{"start":{"line":92,"column":4},"end":{"line":92,"column":22}},"21":{"start":{"line":94,"column":2},"end":{"line":94,"column":14}},"22":{"start":{"line":97,"column":0},"end":{"line":103,"column":2}},"23":{"start":{"line":98,"column":2},"end":{"line":98,"column":37}},"24":{"start":{"line":99,"column":2},"end":{"line":101,"column":3}},"25":{"start":{"line":100,"column":4},"end":{"line":100,"column":22}},"26":{"start":{"line":102,"column":2},"end":{"line":102,"column":14}},"27":{"start":{"line":105,"column":0},"end":{"line":105,"column":45}},"28":{"start":{"line":106,"column":0},"end":{"line":106,"column":47}},"29":{"start":{"line":107,"column":0},"end":{"line":107,"column":57}},"30":{"start":{"line":108,"column":0},"end":{"line":108,"column":51}},"31":{"start":{"line":110,"column":13},"end":{"line":110,"column":43}}},"fnMap":{"0":{"name":"(anonymous_0)","decl":{"start":{"line":12,"column":28},"end":{"line":12,"column":29}},"loc":{"start":{"line":13,"column":2},"end":{"line":13,"column":58}},"line":13},"1":{"name":"(anonymous_1)","decl":{"start":{"line":66,"column":13},"end":{"line":66,"column":14}},"loc":{"start":{"line":66,"column":36},"end":{"line":70,"column":3}},"line":66},"2":{"name":"authenticateWithPassword","decl":{"start":{"line":75,"column":17},"end":{"line":75,"column":41}},"loc":{"start":{"line":75,"column":59},"end":{"line":87,"column":3}},"line":75},"3":{"name":"setPassword","decl":{"start":{"line":89,"column":44},"end":{"line":89,"column":55}},"loc":{"start":{"line":89,"column":66},"end":{"line":95,"column":1}},"line":89},"4":{"name":"regenerateToken","decl":{"start":{"line":97,"column":48},"end":{"line":97,"column":63}},"loc":{"start":{"line":97,"column":66},"end":{"line":103,"column":1}},"line":97}},"branchMap":{"0":{"loc":{"start":{"line":77,"column":4},"end":{"line":77,"column":27}},"type":"if","locations":[{"start":{"line":77,"column":4},"end":{"line":77,"column":27}},{"start":{},"end":{}}],"line":77},"1":{"loc":{"start":{"line":81,"column":4},"end":{"line":81,"column":36}},"type":"if","locations":[{"start":{"line":81,"column":4},"end":{"line":81,"column":36}},{"start":{},"end":{}}],"line":81},"2":{"loc":{"start":{"line":91,"column":2},"end":{"line":93,"column":3}},"type":"if","locations":[{"start":{"line":91,"column":2},"end":{"line":93,"column":3}},{"start":{},"end":{}}],"line":91},"3":{"loc":{"start":{"line":99,"column":2},"end":{"line":101,"column":3}},"type":"if","locations":[{"start":{"line":99,"column":2},"end":{"line":101,"column":3}},{"start":{},"end":{}}],"line":99}},"s":{"0":4,"1":7,"2":4,"3":4,"4":1,"5":1,"6":1,"7":4,"8":2,"9":2,"10":0,"11":2,"12":2,"13":1,"14":1,"15":1,"16":1,"17":4,"18":4,"19":4,"20":0,"21":4,"22":4,"23":1,"24":1,"25":0,"26":1,"27":4,"28":4,"29":4,"30":4,"31":4},"f":{"0":7,"1":1,"2":2,"3":4,"4":1},"b":{"0":[0,2],"1":[1,1],"2":[0,4],"3":[0,1]},"_coverageSchema":"1a1c01bbd47fc00a2c39e90264f33305004495a9","hash":"885a6d0a1e4346a378407ba09a88e095eada7f87"}
,"/Users/johnliu/Projects/src/github.com/stoic-llama/capstone-auth/src/services/user.js": {"path":"/Users/johnliu/Projects/src/github.com/stoic-llama/capstone-auth/src/services/user.js","statementMap":{"0":{"start":{"line":7,"column":28},"end":{"line":8,"column":58}},"1":{"start":{"line":8,"column":2},"end":{"line":8,"column":58}},"2":{"start":{"line":12,"column":4},"end":{"line":16,"column":5}},"3":{"start":{"line":13,"column":6},"end":{"line":13,"column":25}},"4":{"start":{"line":15,"column":6},"end":{"line":15,"column":35}},"5":{"start":{"line":20,"column":4},"end":{"line":24,"column":5}},"6":{"start":{"line":21,"column":6},"end":{"line":21,"column":46}},"7":{"start":{"line":23,"column":6},"end":{"line":23,"column":35}},"8":{"start":{"line":28,"column":4},"end":{"line":35,"column":5}},"9":{"start":{"line":29,"column":6},"end":{"line":32,"column":9}},"10":{"start":{"line":34,"column":6},"end":{"line":34,"column":35}},"11":{"start":{"line":39,"column":4},"end":{"line":44,"column":5}},"12":{"start":{"line":40,"column":21},"end":{"line":40,"column":61}},"13":{"start":{"line":41,"column":6},"end":{"line":41,"column":39}},"14":{"start":{"line":43,"column":6},"end":{"line":43,"column":35}},"15":{"start":{"line":48,"column":4},"end":{"line":55,"column":5}},"16":{"start":{"line":49,"column":19},"end":{"line":49,"column":55}},"17":{"start":{"line":51,"column":21},"end":{"line":51,"column":67}},"18":{"start":{"line":52,"column":6},"end":{"line":52,"column":39}},"19":{"start":{"line":54,"column":6},"end":{"line":54,"column":35}},"20":{"start":{"line":59,"column":4},"end":{"line":89,"column":5}},"21":{"start":{"line":60,"column":19},"end":{"line":60,"column":55}},"22":{"start":{"line":62,"column":6},"end":{"line":84,"column":7}},"23":{"start":{"line":63,"column":8},"end":{"line":72,"column":9}},"24":{"start":{"line":74,"column":8},"end":{"line":83,"column":9}},"25":{"start":{"line":86,"column":6},"end":{"line":86,"column":26}},"26":{"start":{"line":88,"column":6},"end":{"line":88,"column":35}},"27":{"start":{"line":93,"column":4},"end":{"line":106,"column":5}},"28":{"start":{"line":94,"column":19},"end":{"line":94,"column":55}},"29":{"start":{"line":95,"column":6},"end":{"line":95,"column":29}},"30":{"start":{"line":95,"column":17},"end":{"line":95,"column":29}},"31":{"start":{"line":97,"column":28},"end":{"line":97,"column":75}},"32":{"start":{"line":99,"column":6},"end":{"line":99,"column":38}},"33":{"start":{"line":99,"column":26},"end":{"line":99,"column":38}},"34":{"start":{"line":101,"column":6},"end":{"line":101,"column":36}},"35":{"start":{"line":102,"column":26},"end":{"line":102,"column":43}},"36":{"start":{"line":103,"column":6},"end":{"line":103,"column":25}},"37":{"start":{"line":105,"column":6},"end":{"line":105,"column":35}},"38":{"start":{"line":110,"column":4},"end":{"line":116,"column":5}},"39":{"start":{"line":111,"column":17},"end":{"line":111,"column":54}},"40":{"start":{"line":112,"column":6},"end":{"line":112,"column":44}},"41":{"start":{"line":113,"column":6},"end":{"line":113,"column":17}},"42":{"start":{"line":115,"column":6},"end":{"line":115,"column":35}},"43":{"start":{"line":120,"column":17},"end":{"line":120,"column":53}},"44":{"start":{"line":122,"column":4},"end":{"line":132,"column":5}},"45":{"start":{"line":123,"column":19},"end":{"line":126,"column":8}},"46":{"start":{"line":128,"column":6},"end":{"line":128,"column":24}},"47":{"start":{"line":129,"column":6},"end":{"line":129,"column":18}},"48":{"start":{"line":131,"column":6},"end":{"line":131,"column":35}},"49":{"start":{"line":136,"column":4},"end":{"line":136,"column":57}},"50":{"start":{"line":138,"column":4},"end":{"line":146,"column":5}},"51":{"start":{"line":139,"column":6},"end":{"line":141,"column":7}},"52":{"start":{"line":140,"column":8},"end":{"line":140,"column":26}},"53":{"start":{"line":143,"column":6},"end":{"line":143,"column":18}},"54":{"start":{"line":145,"column":6},"end":{"line":145,"column":35}},"55":{"start":{"line":150,"column":4},"end":{"line":150,"column":39}},"56":{"start":{"line":152,"column":4},"end":{"line":160,"column":5}},"57":{"start":{"line":153,"column":6},"end":{"line":155,"column":7}},"58":{"start":{"line":154,"column":8},"end":{"line":154,"column":26}},"59":{"start":{"line":157,"column":6},"end":{"line":157,"column":18}},"60":{"start":{"line":159,"column":6},"end":{"line":159,"column":35}}},"fnMap":{"0":{"name":"(anonymous_0)","decl":{"start":{"line":7,"column":28},"end":{"line":7,"column":29}},"loc":{"start":{"line":8,"column":2},"end":{"line":8,"column":58}},"line":8},"1":{"name":"(anonymous_1)","decl":{"start":{"line":11,"column":2},"end":{"line":11,"column":3}},"loc":{"start":{"line":11,"column":22},"end":{"line":17,"column":3}},"line":11},"2":{"name":"(anonymous_2)","decl":{"start":{"line":19,"column":2},"end":{"line":19,"column":3}},"loc":{"start":{"line":19,"column":23},"end":{"line":25,"column":3}},"line":19},"3":{"name":"(anonymous_3)","decl":{"start":{"line":27,"column":2},"end":{"line":27,"column":3}},"loc":{"start":{"line":27,"column":32},"end":{"line":36,"column":3}},"line":27},"4":{"name":"(anonymous_4)","decl":{"start":{"line":38,"column":2},"end":{"line":38,"column":3}},"loc":{"start":{"line":38,"column":26},"end":{"line":45,"column":3}},"line":38},"5":{"name":"(anonymous_5)","decl":{"start":{"line":47,"column":2},"end":{"line":47,"column":3}},"loc":{"start":{"line":47,"column":36},"end":{"line":56,"column":3}},"line":47},"6":{"name":"(anonymous_6)","decl":{"start":{"line":58,"column":2},"end":{"line":58,"column":3}},"loc":{"start":{"line":58,"column":33},"end":{"line":90,"column":3}},"line":58},"7":{"name":"(anonymous_7)","decl":{"start":{"line":92,"column":2},"end":{"line":92,"column":3}},"loc":{"start":{"line":92,"column":57},"end":{"line":107,"column":3}},"line":92},"8":{"name":"(anonymous_8)","decl":{"start":{"line":109,"column":2},"end":{"line":109,"column":3}},"loc":{"start":{"line":109,"column":44},"end":{"line":117,"column":3}},"line":109},"9":{"name":"(anonymous_9)","decl":{"start":{"line":119,"column":2},"end":{"line":119,"column":3}},"loc":{"start":{"line":119,"column":53},"end":{"line":133,"column":3}},"line":119},"10":{"name":"(anonymous_10)","decl":{"start":{"line":135,"column":2},"end":{"line":135,"column":3}},"loc":{"start":{"line":135,"column":43},"end":{"line":147,"column":3}},"line":135},"11":{"name":"(anonymous_11)","decl":{"start":{"line":149,"column":2},"end":{"line":149,"column":3}},"loc":{"start":{"line":149,"column":37},"end":{"line":161,"column":3}},"line":149}},"branchMap":{"0":{"loc":{"start":{"line":62,"column":6},"end":{"line":84,"column":7}},"type":"if","locations":[{"start":{"line":62,"column":6},"end":{"line":84,"column":7}},{"start":{"line":73,"column":13},"end":{"line":84,"column":7}}],"line":62},"1":{"loc":{"start":{"line":95,"column":6},"end":{"line":95,"column":29}},"type":"if","locations":[{"start":{"line":95,"column":6},"end":{"line":95,"column":29}},{"start":{},"end":{}}],"line":95},"2":{"loc":{"start":{"line":99,"column":6},"end":{"line":99,"column":38}},"type":"if","locations":[{"start":{"line":99,"column":6},"end":{"line":99,"column":38}},{"start":{},"end":{}}],"line":99},"3":{"loc":{"start":{"line":139,"column":6},"end":{"line":141,"column":7}},"type":"if","locations":[{"start":{"line":139,"column":6},"end":{"line":141,"column":7}},{"start":{},"end":{}}],"line":139},"4":{"loc":{"start":{"line":153,"column":6},"end":{"line":155,"column":7}},"type":"if","locations":[{"start":{"line":153,"column":6},"end":{"line":155,"column":7}},{"start":{},"end":{}}],"line":153}},"s":{"0":3,"1":0,"2":0,"3":0,"4":0,"5":0,"6":0,"7":0,"8":0,"9":0,"10":0,"11":0,"12":0,"13":0,"14":0,"15":0,"16":0,"17":0,"18":0,"19":0,"20":0,"21":0,"22":0,"23":0,"24":0,"25":0,"26":0,"27":0,"28":0,"29":0,"30":0,"31":0,"32":0,"33":0,"34":0,"35":0,"36":0,"37":0,"38":0,"39":0,"40":0,"41":0,"42":0,"43":0,"44":0,"45":0,"46":0,"47":0,"48":0,"49":0,"50":0,"51":0,"52":0,"53":0,"54":0,"55":0,"56":0,"57":0,"58":0,"59":0,"60":0},"f":{"0":0,"1":0,"2":0,"3":0,"4":0,"5":0,"6":0,"7":0,"8":0,"9":0,"10":0,"11":0},"b":{"0":[0,0],"1":[0,0],"2":[0,0],"3":[0,0],"4":[0,0]},"_coverageSchema":"1a1c01bbd47fc00a2c39e90264f33305004495a9","hash":"6b75986df2bc6730e8fe28c410b8e5afe9372c43"}
,"/Users/johnliu/Projects/src/github.com/stoic-llama/capstone-auth/src/utils/config.js": {"path":"/Users/johnliu/Projects/src/github.com/stoic-llama/capstone-auth/src/utils/config.js","statementMap":{"0":{"start":{"line":3,"column":0},"end":{"line":3,"column":16}},"1":{"start":{"line":5,"column":17},"end":{"line":5,"column":53}},"2":{"start":{"line":6,"column":26},"end":{"line":6,"column":70}}},"fnMap":{},"branchMap":{"0":{"loc":{"start":{"line":5,"column":17},"end":{"line":5,"column":53}},"type":"binary-expr","locations":[{"start":{"line":5,"column":17},"end":{"line":5,"column":37}},{"start":{"line":5,"column":41},"end":{"line":5,"column":53}}],"line":5},"1":{"loc":{"start":{"line":6,"column":26},"end":{"line":6,"column":70}},"type":"cond-expr","locations":[{"start":{"line":6,"column":54},"end":{"line":6,"column":60}},{"start":{"line":6,"column":63},"end":{"line":6,"column":70}}],"line":6},"2":{"loc":{"start":{"line":10,"column":13},"end":{"line":10,"column":55}},"type":"binary-expr","locations":[{"start":{"line":10,"column":13},"end":{"line":10,"column":34}},{"start":{"line":10,"column":38},"end":{"line":10,"column":55}}],"line":10},"3":{"loc":{"start":{"line":13,"column":19},"end":{"line":13,"column":61}},"type":"binary-expr","locations":[{"start":{"line":13,"column":19},"end":{"line":13,"column":46}},{"start":{"line":13,"column":50},"end":{"line":13,"column":61}}],"line":13},"4":{"loc":{"start":{"line":14,"column":19},"end":{"line":14,"column":52}},"type":"binary-expr","locations":[{"start":{"line":14,"column":19},"end":{"line":14,"column":46}},{"start":{"line":14,"column":50},"end":{"line":14,"column":52}}],"line":14},"5":{"loc":{"start":{"line":15,"column":19},"end":{"line":15,"column":59}},"type":"binary-expr","locations":[{"start":{"line":15,"column":19},"end":{"line":15,"column":46}},{"start":{"line":15,"column":50},"end":{"line":15,"column":59}}],"line":15},"6":{"loc":{"start":{"line":16,"column":19},"end":{"line":16,"column":59}},"type":"binary-expr","locations":[{"start":{"line":16,"column":19},"end":{"line":16,"column":46}},{"start":{"line":16,"column":50},"end":{"line":16,"column":59}}],"line":16},"7":{"loc":{"start":{"line":17,"column":21},"end":{"line":17,"column":59}},"type":"binary-expr","locations":[{"start":{"line":17,"column":21},"end":{"line":17,"column":50}},{"start":{"line":17,"column":54},"end":{"line":17,"column":59}}],"line":17}},"s":{"0":2,"1":2,"2":2},"f":{},"b":{"0":[2,0],"1":[0,2],"2":[2,0],"3":[2,2],"4":[2,2],"5":[2,2],"6":[2,2],"7":[2,2]},"_coverageSchema":"1a1c01bbd47fc00a2c39e90264f33305004495a9","hash":"8d71e565dfbf586d3b97352a03096f9978f3588e"}
,"/Users/johnliu/Projects/src/github.com/stoic-llama/capstone-auth/src/utils/log.js": {"path":"/Users/johnliu/Projects/src/github.com/stoic-llama/capstone-auth/src/utils/log.js","statementMap":{"0":{"start":{"line":4,"column":14},"end":{"line":4,"column":30}},"1":{"start":{"line":6,"column":0},"end":{"line":9,"column":1}},"2":{"start":{"line":7,"column":22},"end":{"line":7,"column":64}},"3":{"start":{"line":8,"column":2},"end":{"line":8,"column":62}},"4":{"start":{"line":11,"column":15},"end":{"line":11,"column":46}},"5":{"start":{"line":11,"column":25},"end":{"line":11,"column":46}}},"fnMap":{"0":{"name":"(anonymous_0)","decl":{"start":{"line":11,"column":15},"end":{"line":11,"column":16}},"loc":{"start":{"line":11,"column":25},"end":{"line":11,"column":46}},"line":11}},"branchMap":{"0":{"loc":{"start":{"line":6,"column":0},"end":{"line":9,"column":1}},"type":"if","locations":[{"start":{"line":6,"column":0},"end":{"line":9,"column":1}},{"start":{},"end":{}}],"line":6}},"s":{"0":2,"1":2,"2":0,"3":0,"4":2,"5":2},"f":{"0":2},"b":{"0":[0,2]},"_coverageSchema":"1a1c01bbd47fc00a2c39e90264f33305004495a9","hash":"ef673ea2063e689de883ff6bf8c7b5e41171c047"}
,"/Users/johnliu/Projects/src/github.com/stoic-llama/capstone-auth/src/utils/password.js": {"path":"/Users/johnliu/Projects/src/github.com/stoic-llama/capstone-auth/src/utils/password.js","statementMap":{"0":{"start":{"line":8,"column":36},"end":{"line":12,"column":1}},"1":{"start":{"line":9,"column":15},"end":{"line":9,"column":37}},"2":{"start":{"line":10,"column":15},"end":{"line":10,"column":48}},"3":{"start":{"line":11,"column":2},"end":{"line":11,"column":14}},"4":{"start":{"line":20,"column":32},"end":{"line":23,"column":1}},"5":{"start":{"line":21,"column":17},"end":{"line":21,"column":53}},"6":{"start":{"line":22,"column":2},"end":{"line":22,"column":16}},"7":{"start":{"line":30,"column":30},"end":{"line":38,"column":1}},"8":{"start":{"line":31,"column":2},"end":{"line":31,"column":48}},"9":{"start":{"line":31,"column":35},"end":{"line":31,"column":48}},"10":{"start":{"line":32,"column":2},"end":{"line":37,"column":3}},"11":{"start":{"line":33,"column":4},"end":{"line":33,"column":27}},"12":{"start":{"line":34,"column":4},"end":{"line":34,"column":16}},"13":{"start":{"line":36,"column":4},"end":{"line":36,"column":17}}},"fnMap":{"0":{"name":"(anonymous_0)","decl":{"start":{"line":8,"column":36},"end":{"line":8,"column":37}},"loc":{"start":{"line":8,"column":56},"end":{"line":12,"column":1}},"line":8},"1":{"name":"(anonymous_1)","decl":{"start":{"line":20,"column":32},"end":{"line":20,"column":33}},"loc":{"start":{"line":20,"column":58},"end":{"line":23,"column":1}},"line":20},"2":{"name":"(anonymous_2)","decl":{"start":{"line":30,"column":30},"end":{"line":30,"column":31}},"loc":{"start":{"line":30,"column":40},"end":{"line":38,"column":1}},"line":30}},"branchMap":{"0":{"loc":{"start":{"line":31,"column":2},"end":{"line":31,"column":48}},"type":"if","locations":[{"start":{"line":31,"column":2},"end":{"line":31,"column":48}},{"start":{},"end":{}}],"line":31},"1":{"loc":{"start":{"line":31,"column":6},"end":{"line":31,"column":33}},"type":"binary-expr","locations":[{"start":{"line":31,"column":6},"end":{"line":31,"column":11}},{"start":{"line":31,"column":15},"end":{"line":31,"column":33}}],"line":31}},"s":{"0":5,"1":7,"2":7,"3":7,"4":5,"5":5,"6":5,"7":5,"8":1,"9":0,"10":1,"11":1,"12":1,"13":0},"f":{"0":7,"1":5,"2":1},"b":{"0":[0,1],"1":[1,1]},"_coverageSchema":"1a1c01bbd47fc00a2c39e90264f33305004495a9","hash":"79a7b82aac79475f122035944ac98a65e6af686b"}
}
