TN:
SF:src/app.js
FNF:0
FNH:0
DA:6,2
DA:8,2
DA:9,2
DA:10,2
DA:11,2
DA:12,2
LF:6
LH:6
BRF:0
BRH:0
end_of_record
TN:
SF:src/api/openapi.js
FNF:0
FNH:0
DA:14,2
DA:47,2
DA:52,2
LF:3
LH:3
BRF:0
BRH:0
end_of_record
TN:
SF:src/api/urls.js
FNF:0
FNH:0
LF:0
LH:0
BRF:0
BRH:0
end_of_record
TN:
SF:src/api/middlewares/auth.js
FN:3,(anonymous_0)
FN:9,(anonymous_1)
FN:13,(anonymous_2)
FN:24,(anonymous_3)
FNF:4
FNH:3
FNDA:11,(anonymous_0)
FNDA:5,(anonymous_1)
FNDA:0,(anonymous_2)
FNDA:2,(anonymous_3)
DA:3,3
DA:4,11
DA:5,11
DA:6,5
DA:7,5
DA:8,5
DA:10,5
DA:11,5
DA:14,0
DA:15,0
DA:17,5
DA:21,6
DA:24,3
DA:25,2
DA:26,1
DA:27,1
DA:30,1
LF:17
LH:15
BRDA:5,0,0,5
BRDA:5,0,1,6
BRDA:7,1,0,5
BRDA:7,1,1,0
BRDA:25,2,0,1
BRDA:25,2,1,1
BRF:6
BRH:5
end_of_record
TN:
SF:src/api/middlewares/errors.js
FN:11,(anonymous_0)
FN:26,(anonymous_1)
FNF:2
FNH:0
FNDA:0,(anonymous_0)
FNDA:0,(anonymous_1)
DA:4,2
DA:5,2
DA:11,2
DA:12,0
DA:13,0
DA:17,0
DA:26,2
DA:27,0
DA:29,0
DA:32,0
DA:37,0
DA:38,0
DA:40,0
LF:13
LH:4
BRDA:37,0,0,0
BRDA:37,0,1,0
BRF:2
BRH:0
end_of_record
TN:
SF:src/api/middlewares/validate.js
FN:9,(anonymous_0)
FN:13,(anonymous_1)
FN:16,(anonymous_2)
FN:27,(anonymous_3)
FN:39,(anonymous_4)
FNF:5
FNH:3
FNDA:0,(anonymous_0)
FNDA:11,(anonymous_1)
FNDA:8,(anonymous_2)
FNDA:4,(anonymous_3)
FNDA:0,(anonymous_4)
DA:4,3
DA:8,3
DA:9,3
DA:10,0
DA:13,3
DA:14,11
DA:16,11
DA:17,8
DA:18,8
DA:19,0
DA:20,0
DA:23,8
DA:24,8
DA:25,3
DA:27,4
DA:29,3
DA:32,5
DA:33,5
DA:36,11
DA:39,3
DA:40,0
DA:41,0
DA:42,0
DA:44,0
LF:24
LH:17
BRDA:10,0,0,0
BRDA:10,0,1,0
BRDA:13,1,0,11
BRDA:18,2,0,0
BRDA:18,2,1,8
BRDA:24,3,0,3
BRDA:24,3,1,5
BRDA:40,4,0,0
BRDA:40,4,1,0
BRF:9
BRH:4
end_of_record
TN:
SF:src/api/routes/auth.js
FN:41,(anonymous_0)
FN:53,(anonymous_1)
FN:82,(anonymous_2)
FN:114,(anonymous_3)
FN:123,(anonymous_4)
FN:128,(anonymous_5)
FN:137,(anonymous_6)
FN:145,(anonymous_7)
FNF:8
FNH:7
FNDA:2,(anonymous_0)
FNDA:1,(anonymous_1)
FNDA:1,(anonymous_2)
FNDA:2,(anonymous_3)
FNDA:1,(anonymous_4)
FNDA:0,(anonymous_5)
FNDA:1,(anonymous_6)
FNDA:1,(anonymous_7)
DA:13,2
DA:41,2
DA:42,2
DA:44,2
DA:46,2
DA:47,1
DA:49,1
DA:53,2
DA:54,1
DA:79,2
DA:83,1
DA:84,0
DA:85,0
DA:88,1
DA:89,1
DA:90,1
DA:92,0
DA:93,0
DA:95,0
DA:114,2
DA:115,2
DA:117,2
DA:119,2
DA:120,1
DA:121,1
DA:122,1
DA:124,1
DA:125,1
DA:127,1
DA:129,0
DA:133,1
DA:137,2
DA:138,1
DA:142,2
DA:146,1
DA:148,1
DA:149,1
LF:37
LH:31
BRDA:46,0,0,1
BRDA:46,0,1,1
BRDA:83,1,0,0
BRDA:83,1,1,1
BRDA:92,2,0,0
BRDA:92,2,1,0
BRDA:119,3,0,1
BRDA:119,3,1,1
BRDA:121,4,0,1
BRDA:121,4,1,0
BRF:10
BRH:6
end_of_record
TN:
SF:src/api/routes/healthcheck.js
FN:23,(anonymous_0)
FN:41,formattedDateNow
FNF:2
FNH:2
FNDA:1,(anonymous_0)
FNDA:1,formattedDateNow
DA:3,2
DA:23,2
DA:24,1
DA:25,1
DA:32,0
DA:42,1
DA:43,1
DA:47,1
DA:61,1
LF:9
LH:8
BRF:0
BRH:0
end_of_record
TN:
SF:src/api/routes/index.js
FN:21,(anonymous_0)
FN:39,(anonymous_1)
FNF:2
FNH:0
FNDA:0,(anonymous_0)
FNDA:0,(anonymous_1)
DA:12,2
DA:15,2
DA:16,2
DA:21,2
DA:22,2
DA:29,2
DA:32,2
DA:35,2
DA:36,2
DA:39,2
DA:40,0
DA:41,0
DA:43,0
DA:48,2
DA:49,2
LF:15
LH:12
BRDA:40,0,0,0
BRDA:40,0,1,0
BRF:2
BRH:0
end_of_record
TN:
SF:src/api/routes/user.js
FN:34,(anonymous_0)
FN:46,(anonymous_1)
FN:75,(anonymous_2)
FN:83,(anonymous_3)
FN:101,(anonymous_4)
FNF:5
FNH:0
FNDA:0,(anonymous_0)
FNDA:0,(anonymous_1)
FNDA:0,(anonymous_2)
FNDA:0,(anonymous_3)
FNDA:0,(anonymous_4)
DA:8,2
DA:34,2
DA:36,0
DA:38,0
DA:40,0
DA:46,2
DA:47,0
DA:75,2
DA:76,0
DA:77,0
DA:79,0
DA:80,0
DA:81,0
DA:82,0
DA:84,0
DA:85,0
DA:86,0
DA:88,0
DA:89,0
DA:90,0
DA:91,0
DA:92,0
DA:96,0
DA:101,2
DA:102,0
LF:25
LH:5
BRDA:79,0,0,0
BRDA:79,0,1,0
BRDA:81,1,0,0
BRDA:81,1,1,0
BRF:4
BRH:0
end_of_record
TN:
SF:src/api/schemas/auth.js
FNF:0
FNH:0
DA:3,2
DA:12,2
DA:23,2
DA:31,2
LF:4
LH:4
BRF:0
BRH:0
end_of_record
TN:
SF:src/api/schemas/user.js
FNF:0
FNH:0
DA:3,2
DA:11,2
LF:2
LH:2
BRF:0
BRH:0
end_of_record
TN:
SF:src/models/error.js
FN:4,(anonymous_0)
FN:10,(anonymous_1)
FN:15,handleDuplicateKeyError
FNF:3
FNH:0
FNDA:0,(anonymous_0)
FNDA:0,(anonymous_1)
FNDA:0,handleDuplicateKeyError
DA:5,0
DA:6,0
DA:7,0
DA:11,0
DA:15,4
DA:20,0
DA:21,0
DA:22,0
DA:23,0
DA:28,0
DA:30,0
LF:11
LH:1
BRDA:20,0,0,0
BRDA:20,0,1,0
BRDA:20,1,0,0
BRDA:20,1,1,0
BRF:4
BRH:0
end_of_record
TN:
SF:src/models/user.js
FN:12,(anonymous_0)
FN:66,(anonymous_1)
FN:75,authenticateWithPassword
FN:89,setPassword
FN:97,regenerateToken
FNF:5
FNH:5
FNDA:7,(anonymous_0)
FNDA:1,(anonymous_1)
FNDA:2,authenticateWithPassword
FNDA:4,setPassword
FNDA:1,regenerateToken
DA:12,4
DA:13,7
DA:15,4
DA:64,4
DA:67,1
DA:68,1
DA:69,1
DA:74,4
DA:76,2
DA:77,2
DA:79,2
DA:81,2
DA:83,1
DA:84,1
DA:86,1
DA:89,4
DA:90,4
DA:91,4
DA:92,0
DA:94,4
DA:97,4
DA:98,1
DA:99,1
DA:100,0
DA:102,1
DA:105,4
DA:106,4
DA:107,4
DA:108,4
DA:110,4
LF:30
LH:28
BRDA:77,0,0,0
BRDA:77,0,1,2
BRDA:81,1,0,1
BRDA:81,1,1,1
BRDA:91,2,0,0
BRDA:91,2,1,4
BRDA:99,3,0,0
BRDA:99,3,1,1
BRF:8
BRH:5
end_of_record
TN:
SF:src/services/user.js
FN:7,(anonymous_0)
FN:11,(anonymous_1)
FN:19,(anonymous_2)
FN:27,(anonymous_3)
FN:38,(anonymous_4)
FN:47,(anonymous_5)
FN:58,(anonymous_6)
FN:92,(anonymous_7)
FN:109,(anonymous_8)
FN:119,(anonymous_9)
FN:135,(anonymous_10)
FN:149,(anonymous_11)
FNF:12
FNH:0
FNDA:0,(anonymous_0)
FNDA:0,(anonymous_1)
FNDA:0,(anonymous_2)
FNDA:0,(anonymous_3)
FNDA:0,(anonymous_4)
FNDA:0,(anonymous_5)
FNDA:0,(anonymous_6)
FNDA:0,(anonymous_7)
FNDA:0,(anonymous_8)
FNDA:0,(anonymous_9)
FNDA:0,(anonymous_10)
FNDA:0,(anonymous_11)
DA:7,3
DA:8,0
DA:12,0
DA:13,0
DA:15,0
DA:20,0
DA:21,0
DA:23,0
DA:28,0
DA:29,0
DA:34,0
DA:39,0
DA:40,0
DA:41,0
DA:43,0
DA:48,0
DA:49,0
DA:51,0
DA:52,0
DA:54,0
DA:59,0
DA:60,0
DA:62,0
DA:63,0
DA:74,0
DA:86,0
DA:88,0
DA:93,0
DA:94,0
DA:95,0
DA:97,0
DA:99,0
DA:101,0
DA:102,0
DA:103,0
DA:105,0
DA:110,0
DA:111,0
DA:112,0
DA:113,0
DA:115,0
DA:120,0
DA:122,0
DA:123,0
DA:128,0
DA:129,0
DA:131,0
DA:136,0
DA:138,0
DA:139,0
DA:140,0
DA:143,0
DA:145,0
DA:150,0
DA:152,0
DA:153,0
DA:154,0
DA:157,0
DA:159,0
LF:59
LH:1
BRDA:62,0,0,0
BRDA:62,0,1,0
BRDA:95,1,0,0
BRDA:95,1,1,0
BRDA:99,2,0,0
BRDA:99,2,1,0
BRDA:139,3,0,0
BRDA:139,3,1,0
BRDA:153,4,0,0
BRDA:153,4,1,0
BRF:10
BRH:0
end_of_record
TN:
SF:src/utils/config.js
FNF:0
FNH:0
DA:3,2
DA:5,2
DA:6,2
LF:3
LH:3
BRDA:5,0,0,2
BRDA:5,0,1,0
BRDA:6,1,0,0
BRDA:6,1,1,2
BRDA:10,2,0,2
BRDA:10,2,1,0
BRDA:13,3,0,2
BRDA:13,3,1,2
BRDA:14,4,0,2
BRDA:14,4,1,2
BRDA:15,5,0,2
BRDA:15,5,1,2
BRDA:16,6,0,2
BRDA:16,6,1,2
BRDA:17,7,0,2
BRDA:17,7,1,2
BRF:16
BRH:13
end_of_record
TN:
SF:src/utils/log.js
FN:11,(anonymous_0)
FNF:1
FNH:1
FNDA:2,(anonymous_0)
DA:4,2
DA:6,2
DA:7,0
DA:8,0
DA:11,2
LF:5
LH:3
BRDA:6,0,0,0
BRDA:6,0,1,2
BRF:2
BRH:1
end_of_record
TN:
SF:src/utils/password.js
FN:8,(anonymous_0)
FN:20,(anonymous_1)
FN:30,(anonymous_2)
FNF:3
FNH:3
FNDA:7,(anonymous_0)
FNDA:5,(anonymous_1)
FNDA:1,(anonymous_2)
DA:8,5
DA:9,7
DA:10,7
DA:11,7
DA:20,5
DA:21,5
DA:22,5
DA:30,5
DA:31,1
DA:32,1
DA:33,1
DA:34,1
DA:36,0
LF:13
LH:12
BRDA:31,0,0,0
BRDA:31,0,1,1
BRDA:31,1,0,1
BRDA:31,1,1,1
BRF:4
BRH:3
end_of_record
